{
    "Cluster": {
        "ClusterIdentifier": "redshift-cluster",
        "NodeType": "dc2.large",
        "ClusterStatus": "creating",
        "ClusterAvailabilityStatus": "Modifying",
        "MasterUsername": "redshift-user",
        "DBName": "dev",
        "AutomatedSnapshotRetentionPeriod": 1,
        "ManualSnapshotRetentionPeriod": -1,
        "ClusterSecurityGroups": [],
        "VpcSecurityGroups": [
            {
                "VpcSecurityGroupId": "sg-04ff7027cc7a3c542",
                "Status": "active"
            }
        ],
        "ClusterParameterGroups": [
            {
                "ParameterGroupName": "default.redshift-1.0",
                "ParameterApplyStatus": "in-sync"
            }
        ],
        "ClusterSubnetGroupName": "default",
        "VpcId": "vpc-f10f3689",
        "PreferredMaintenanceWindow": "sun:10:30-sun:11:00",
        "PendingModifiedValues": {
            "MasterUserPassword": "****"
        },
        "ClusterVersion": "1.0",
        "AllowVersionUpgrade": true,
        "NumberOfNodes": 1,
        "PubliclyAccessible": true,
        "Encrypted": false,
        "Tags": [],
        "EnhancedVpcRouting": false,
        "IamRoles": [],
        "MaintenanceTrackName": "current",
        "DeferredMaintenanceWindows": [],
        "NextMaintenanceWindowStartTime": "2022-01-16T10:30:00+00:00",
        "AquaConfiguration": {
            "AquaStatus": "disabled",
            "AquaConfigurationStatus": "auto"
        }
    }
}
{
    "Cluster": {
        "ClusterIdentifier": "redshift-cluster-2",
        "NodeType": "dc2.large",
        "ClusterStatus": "creating",
        "ClusterAvailabilityStatus": "Modifying",
        "MasterUsername": "redshift-user",
        "DBName": "dev",
        "AutomatedSnapshotRetentionPeriod": 1,
        "ManualSnapshotRetentionPeriod": -1,
        "ClusterSecurityGroups": [],
        "VpcSecurityGroups": [
            {
                "VpcSecurityGroupId": "sg-04ff7027cc7a3c542",
                "Status": "active"
            }
        ],
        "ClusterParameterGroups": [
            {
                "ParameterGroupName": "default.redshift-1.0",
                "ParameterApplyStatus": "in-sync"
            }
        ],
        "ClusterSubnetGroupName": "default",
        "VpcId": "vpc-f10f3689",
        "PreferredMaintenanceWindow": "tue:06:00-tue:06:30",
        "PendingModifiedValues": {
            "MasterUserPassword": "****"
        },
        "ClusterVersion": "1.0",
        "AllowVersionUpgrade": true,
        "NumberOfNodes": 1,
        "PubliclyAccessible": true,
        "Encrypted": false,
        "Tags": [],
        "EnhancedVpcRouting": false,
        "IamRoles": [],
        "MaintenanceTrackName": "current",
        "DeferredMaintenanceWindows": [],
        "NextMaintenanceWindowStartTime": "2022-01-11T06:00:00+00:00",
        "AquaConfiguration": {
            "AquaStatus": "disabled",
            "AquaConfigurationStatus": "auto"
        }
    }
}
{
    "Cluster": {
        "ClusterIdentifier": "redshift-cluster",
        "NodeType": "dc2.large",
        "ClusterStatus": "creating",
        "ClusterAvailabilityStatus": "Modifying",
        "MasterUsername": "redshift-user",
        "DBName": "dev",
        "AutomatedSnapshotRetentionPeriod": 1,
        "ManualSnapshotRetentionPeriod": -1,
        "ClusterSecurityGroups": [],
        "VpcSecurityGroups": [
            {
                "VpcSecurityGroupId": "sg-04ff7027cc7a3c542",
                "Status": "active"
            }
        ],
        "ClusterParameterGroups": [
            {
                "ParameterGroupName": "default.redshift-1.0",
                "ParameterApplyStatus": "in-sync"
            }
        ],
        "ClusterSubnetGroupName": "default",
        "VpcId": "vpc-f10f3689",
        "PreferredMaintenanceWindow": "sun:08:00-sun:08:30",
        "PendingModifiedValues": {
            "MasterUserPassword": "****"
        },
        "ClusterVersion": "1.0",
        "AllowVersionUpgrade": true,
        "NumberOfNodes": 1,
        "PubliclyAccessible": true,
        "Encrypted": false,
        "Tags": [],
        "EnhancedVpcRouting": false,
        "IamRoles": [],
        "MaintenanceTrackName": "current",
        "DeferredMaintenanceWindows": [],
        "NextMaintenanceWindowStartTime": "2022-01-16T08:00:00+00:00",
        "AquaConfiguration": {
            "AquaStatus": "disabled",
            "AquaConfigurationStatus": "auto"
        }
    }
}
